<?xml version="1.0" encoding="UTF-8"?>
<testng-results ignored="0" total="0" passed="0" failed="0" skipped="0">
  <reporter-output>
  </reporter-output>
  <suite started-at="2020-12-18T13:43:07 IST" name="TestBase" finished-at="2020-12-18T13:43:07 IST" duration-ms="8">
    <groups>
    </groups>
    <test started-at="2020-12-18T13:43:07 IST" name="Command line test" finished-at="2020-12-18T13:43:07 IST" duration-ms="8">
    </test> <!-- Command line test -->
  </suite> <!-- TestBase -->
</testng-results>
